<?xml version="1.0" encoding="UTF-8"?>
<!-- Generated by org.testng.reporters.JUnitReportReporter -->
<testsuite hostname="Reka" failures="0" tests="4" name="testRunner.TestRunner" time="9.229" errors="0" timestamp="2025-04-08T10:34:24 CDT" skipped="0">
  <testcase classname="testRunner.TestRunner" name="runScenario" time="0.392"/>
  <testcase classname="testRunner.TestRunner" name="runScenario" time="0.308"/>
  <testcase classname="testRunner.TestRunner" name="runScenario" time="0.307"/>
  <testcase classname="testRunner.TestRunner" name="runScenario" time="8.222"/>
</testsuite> <!-- testRunner.TestRunner -->
