<?xml version="1.0" encoding="UTF-8"?>
<!-- Generated by org.testng.reporters.JUnitReportReporter -->
<testsuite hostname="Reka" failures="0" tests="2" name="testRunner.TestRunner" time="3.146" errors="0" timestamp="2025-03-29T22:04:40 CDT" skipped="0">
  <testcase classname="testRunner.TestRunner" name="runScenario" time="2.523"/>
  <testcase classname="testRunner.TestRunner" name="runScenario" time="0.623"/>
</testsuite> <!-- testRunner.TestRunner -->
